[2020-07-05 21:03:50] local.ERROR: ErrorException: Undefined variable: app in /Users/philip/packages/results/src/Providers/LumenResultsServiceProvider.php:33
Stack trace:
#0 /Users/philip/packages/results/src/Providers/LumenResultsServiceProvider.php(33): Laravel\Lumen\Application->Laravel\Lumen\Concerns\{closure}(8, 'Undefined varia...', '/Users/philip/p...', 33, Array)
#1 /Users/philip/packages/lumen-base-passport/vendor/illuminate/container/Container.php(801): Venoudev\Results\Providers\LumenResultsServiceProvider->Venoudev\Results\Providers\{closure}(Object(Dusterio\LumenPassport\Lumen7Application), Array)
#2 /Users/philip/packages/lumen-base-passport/vendor/illuminate/container/Container.php(687): Illuminate\Container\Container->build(Object(Closure))
#3 /Users/philip/packages/lumen-base-passport/vendor/illuminate/container/Container.php(633): Illuminate\Container\Container->resolve('resultManager', Array)
#4 /Users/philip/packages/lumen-base-passport/vendor/laravel/lumen-framework/src/Application.php(300): Illuminate\Container\Container->make('resultManager', Array)
#5 /Users/philip/packages/lumen-base-passport/vendor/illuminate/container/Container.php(1280): Laravel\Lumen\Application->make('resultManager')
#6 /Users/philip/packages/lumen-base-passport/vendor/illuminate/support/Facades/Facade.php(198): Illuminate\Container\Container->offsetGet('resultManager')
#7 /Users/philip/packages/lumen-base-passport/vendor/illuminate/support/Facades/Facade.php(166): Illuminate\Support\Facades\Facade::resolveFacadeInstance('resultManager')
#8 /Users/philip/packages/lumen-base-passport/vendor/illuminate/support/Facades/Facade.php(255): Illuminate\Support\Facades\Facade::getFacadeRoot()
#9 /Users/philip/packages/lumen-base-passport/app/Exceptions/Handler.php(66): Illuminate\Support\Facades\Facade::__callStatic('createResult', Array)
#10 /Users/philip/packages/lumen-base-passport/vendor/laravel/lumen-framework/src/Concerns/RegistersExceptionHandlers.php(106): App\Exceptions\Handler->render(Object(Laravel\Lumen\Http\Request), Object(Symfony\Component\HttpKernel\Exception\NotFoundHttpException))
#11 /Users/philip/packages/lumen-base-passport/vendor/laravel/lumen-framework/src/Concerns/RoutesRequests.php(174): Laravel\Lumen\Application->sendExceptionToHandler(Object(Symfony\Component\HttpKernel\Exception\NotFoundHttpException))
#12 /Users/philip/packages/lumen-base-passport/vendor/laravel/lumen-framework/src/Concerns/RoutesRequests.php(109): Laravel\Lumen\Application->dispatch(NULL)
#13 /Users/philip/packages/lumen-base-passport/public/index.php(28): Laravel\Lumen\Application->run()
#14 /Users/philip/.composer/vendor/laravel/valet/server.php(191): require('/Users/philip/p...')
#15 {main} {"exception":"[object] (ErrorException(code: 0): Undefined variable: app at /Users/philip/packages/results/src/Providers/LumenResultsServiceProvider.php:33)
[stacktrace]
#0 /Users/philip/packages/results/src/Providers/LumenResultsServiceProvider.php(33): Laravel\\Lumen\\Application->Laravel\\Lumen\\Concerns\\{closure}(8, 'Undefined varia...', '/Users/philip/p...', 33, Array)
#1 /Users/philip/packages/lumen-base-passport/vendor/illuminate/container/Container.php(801): Venoudev\\Results\\Providers\\LumenResultsServiceProvider->Venoudev\\Results\\Providers\\{closure}(Object(Dusterio\\LumenPassport\\Lumen7Application), Array)
#2 /Users/philip/packages/lumen-base-passport/vendor/illuminate/container/Container.php(687): Illuminate\\Container\\Container->build(Object(Closure))
#3 /Users/philip/packages/lumen-base-passport/vendor/illuminate/container/Container.php(633): Illuminate\\Container\\Container->resolve('resultManager', Array)
#4 /Users/philip/packages/lumen-base-passport/vendor/laravel/lumen-framework/src/Application.php(300): Illuminate\\Container\\Container->make('resultManager', Array)
#5 /Users/philip/packages/lumen-base-passport/vendor/illuminate/container/Container.php(1280): Laravel\\Lumen\\Application->make('resultManager')
#6 /Users/philip/packages/lumen-base-passport/vendor/illuminate/support/Facades/Facade.php(198): Illuminate\\Container\\Container->offsetGet('resultManager')
#7 /Users/philip/packages/lumen-base-passport/vendor/illuminate/support/Facades/Facade.php(166): Illuminate\\Support\\Facades\\Facade::resolveFacadeInstance('resultManager')
#8 /Users/philip/packages/lumen-base-passport/vendor/illuminate/support/Facades/Facade.php(255): Illuminate\\Support\\Facades\\Facade::getFacadeRoot()
#9 /Users/philip/packages/lumen-base-passport/app/Exceptions/Handler.php(66): Illuminate\\Support\\Facades\\Facade::__callStatic('createResult', Array)
#10 /Users/philip/packages/lumen-base-passport/vendor/laravel/lumen-framework/src/Concerns/RegistersExceptionHandlers.php(106): App\\Exceptions\\Handler->render(Object(Laravel\\Lumen\\Http\\Request), Object(Symfony\\Component\\HttpKernel\\Exception\\NotFoundHttpException))
#11 /Users/philip/packages/lumen-base-passport/vendor/laravel/lumen-framework/src/Concerns/RoutesRequests.php(174): Laravel\\Lumen\\Application->sendExceptionToHandler(Object(Symfony\\Component\\HttpKernel\\Exception\\NotFoundHttpException))
#12 /Users/philip/packages/lumen-base-passport/vendor/laravel/lumen-framework/src/Concerns/RoutesRequests.php(109): Laravel\\Lumen\\Application->dispatch(NULL)
#13 /Users/philip/packages/lumen-base-passport/public/index.php(28): Laravel\\Lumen\\Application->run()
#14 /Users/philip/.composer/vendor/laravel/valet/server.php(191): require('/Users/philip/p...')
#15 {main}
"} 
[2020-07-05 21:03:52] local.ERROR: ErrorException: Undefined variable: app in /Users/philip/packages/results/src/Providers/LumenResultsServiceProvider.php:33
Stack trace:
#0 /Users/philip/packages/results/src/Providers/LumenResultsServiceProvider.php(33): Laravel\Lumen\Application->Laravel\Lumen\Concerns\{closure}(8, 'Undefined varia...', '/Users/philip/p...', 33, Array)
#1 /Users/philip/packages/lumen-base-passport/vendor/illuminate/container/Container.php(801): Venoudev\Results\Providers\LumenResultsServiceProvider->Venoudev\Results\Providers\{closure}(Object(Dusterio\LumenPassport\Lumen7Application), Array)
#2 /Users/philip/packages/lumen-base-passport/vendor/illuminate/container/Container.php(687): Illuminate\Container\Container->build(Object(Closure))
#3 /Users/philip/packages/lumen-base-passport/vendor/illuminate/container/Container.php(633): Illuminate\Container\Container->resolve('resultManager', Array)
#4 /Users/philip/packages/lumen-base-passport/vendor/laravel/lumen-framework/src/Application.php(300): Illuminate\Container\Container->make('resultManager', Array)
#5 /Users/philip/packages/lumen-base-passport/vendor/illuminate/container/Container.php(1280): Laravel\Lumen\Application->make('resultManager')
#6 /Users/philip/packages/lumen-base-passport/vendor/illuminate/support/Facades/Facade.php(198): Illuminate\Container\Container->offsetGet('resultManager')
#7 /Users/philip/packages/lumen-base-passport/vendor/illuminate/support/Facades/Facade.php(166): Illuminate\Support\Facades\Facade::resolveFacadeInstance('resultManager')
#8 /Users/philip/packages/lumen-base-passport/vendor/illuminate/support/Facades/Facade.php(255): Illuminate\Support\Facades\Facade::getFacadeRoot()
#9 /Users/philip/packages/lumen-base-passport/app/Exceptions/Handler.php(66): Illuminate\Support\Facades\Facade::__callStatic('createResult', Array)
#10 /Users/philip/packages/lumen-base-passport/vendor/laravel/lumen-framework/src/Concerns/RegistersExceptionHandlers.php(106): App\Exceptions\Handler->render(Object(Laravel\Lumen\Http\Request), Object(Symfony\Component\HttpKernel\Exception\NotFoundHttpException))
#11 /Users/philip/packages/lumen-base-passport/vendor/laravel/lumen-framework/src/Concerns/RoutesRequests.php(174): Laravel\Lumen\Application->sendExceptionToHandler(Object(Symfony\Component\HttpKernel\Exception\NotFoundHttpException))
#12 /Users/philip/packages/lumen-base-passport/vendor/laravel/lumen-framework/src/Concerns/RoutesRequests.php(109): Laravel\Lumen\Application->dispatch(NULL)
#13 /Users/philip/packages/lumen-base-passport/public/index.php(28): Laravel\Lumen\Application->run()
#14 /Users/philip/.composer/vendor/laravel/valet/server.php(191): require('/Users/philip/p...')
#15 {main} {"exception":"[object] (ErrorException(code: 0): Undefined variable: app at /Users/philip/packages/results/src/Providers/LumenResultsServiceProvider.php:33)
[stacktrace]
#0 /Users/philip/packages/results/src/Providers/LumenResultsServiceProvider.php(33): Laravel\\Lumen\\Application->Laravel\\Lumen\\Concerns\\{closure}(8, 'Undefined varia...', '/Users/philip/p...', 33, Array)
#1 /Users/philip/packages/lumen-base-passport/vendor/illuminate/container/Container.php(801): Venoudev\\Results\\Providers\\LumenResultsServiceProvider->Venoudev\\Results\\Providers\\{closure}(Object(Dusterio\\LumenPassport\\Lumen7Application), Array)
#2 /Users/philip/packages/lumen-base-passport/vendor/illuminate/container/Container.php(687): Illuminate\\Container\\Container->build(Object(Closure))
#3 /Users/philip/packages/lumen-base-passport/vendor/illuminate/container/Container.php(633): Illuminate\\Container\\Container->resolve('resultManager', Array)
#4 /Users/philip/packages/lumen-base-passport/vendor/laravel/lumen-framework/src/Application.php(300): Illuminate\\Container\\Container->make('resultManager', Array)
#5 /Users/philip/packages/lumen-base-passport/vendor/illuminate/container/Container.php(1280): Laravel\\Lumen\\Application->make('resultManager')
#6 /Users/philip/packages/lumen-base-passport/vendor/illuminate/support/Facades/Facade.php(198): Illuminate\\Container\\Container->offsetGet('resultManager')
#7 /Users/philip/packages/lumen-base-passport/vendor/illuminate/support/Facades/Facade.php(166): Illuminate\\Support\\Facades\\Facade::resolveFacadeInstance('resultManager')
#8 /Users/philip/packages/lumen-base-passport/vendor/illuminate/support/Facades/Facade.php(255): Illuminate\\Support\\Facades\\Facade::getFacadeRoot()
#9 /Users/philip/packages/lumen-base-passport/app/Exceptions/Handler.php(66): Illuminate\\Support\\Facades\\Facade::__callStatic('createResult', Array)
#10 /Users/philip/packages/lumen-base-passport/vendor/laravel/lumen-framework/src/Concerns/RegistersExceptionHandlers.php(106): App\\Exceptions\\Handler->render(Object(Laravel\\Lumen\\Http\\Request), Object(Symfony\\Component\\HttpKernel\\Exception\\NotFoundHttpException))
#11 /Users/philip/packages/lumen-base-passport/vendor/laravel/lumen-framework/src/Concerns/RoutesRequests.php(174): Laravel\\Lumen\\Application->sendExceptionToHandler(Object(Symfony\\Component\\HttpKernel\\Exception\\NotFoundHttpException))
#12 /Users/philip/packages/lumen-base-passport/vendor/laravel/lumen-framework/src/Concerns/RoutesRequests.php(109): Laravel\\Lumen\\Application->dispatch(NULL)
#13 /Users/philip/packages/lumen-base-passport/public/index.php(28): Laravel\\Lumen\\Application->run()
#14 /Users/philip/.composer/vendor/laravel/valet/server.php(191): require('/Users/philip/p...')
#15 {main}
"} 
